0 info it worked if it ends with ok
1 verbose cli [ '/usr/local/bin/node',
1 verbose cli   '/usr/local/bin/npm',
1 verbose cli   'install',
1 verbose cli   'touch',
1 verbose cli   'server.js' ]
2 info using npm@2.14.7
3 info using node@v4.2.2
4 verbose install initial load of /Users/lukefair/www/node-course/chat-app/package.json
5 warn package.json chat-app@1.0.0 No description
6 warn package.json chat-app@1.0.0 No repository field.
7 warn package.json chat-app@1.0.0 No README data
8 verbose installManyTop reading scoped package data from /Users/lukefair/www/node-course/chat-app/node_modules/express/package.json
9 verbose readDependencies loading dependencies from /Users/lukefair/www/node-course/chat-app/package.json
10 silly cache add args [ 'touch', null ]
11 verbose cache add spec touch
12 silly cache add args [ 'server.js', null ]
13 verbose cache add spec server.js
14 silly cache add parsed spec Result {
14 silly cache add   raw: 'touch',
14 silly cache add   scope: null,
14 silly cache add   name: 'touch',
14 silly cache add   rawSpec: '',
14 silly cache add   spec: '*',
14 silly cache add   type: 'range' }
15 silly addNamed touch@*
16 verbose addNamed "*" is a valid semver range for touch
17 silly addNameRange { name: 'touch', range: '*', hasData: false }
18 silly mapToRegistry name touch
19 silly mapToRegistry using default registry
20 silly mapToRegistry registry https://registry.npmjs.org/
21 silly mapToRegistry uri https://registry.npmjs.org/touch
22 verbose addNameRange registry:https://registry.npmjs.org/touch not in flight; fetching
23 silly cache add parsed spec Result {
23 silly cache add   raw: 'server.js',
23 silly cache add   scope: null,
23 silly cache add   name: 'server.js',
23 silly cache add   rawSpec: '',
23 silly cache add   spec: '*',
23 silly cache add   type: 'range' }
24 silly addNamed server.js@*
25 verbose addNamed "*" is a valid semver range for server.js
26 silly addNameRange { name: 'server.js', range: '*', hasData: false }
27 silly mapToRegistry name server.js
28 silly mapToRegistry using default registry
29 silly mapToRegistry registry https://registry.npmjs.org/
30 silly mapToRegistry uri https://registry.npmjs.org/server.js
31 verbose addNameRange registry:https://registry.npmjs.org/server.js not in flight; fetching
32 verbose request uri https://registry.npmjs.org/touch
33 verbose request no auth needed
34 info attempt registry request try #1 at 1:37:21 PM
35 verbose request id 8ab8ec3c7548f389
36 http request GET https://registry.npmjs.org/touch
37 verbose request uri https://registry.npmjs.org/server.js
38 verbose request no auth needed
39 info attempt registry request try #1 at 1:37:21 PM
40 http request GET https://registry.npmjs.org/server.js
41 http 200 https://registry.npmjs.org/touch
42 verbose headers { server: 'CouchDB/1.5.0 (Erlang OTP/R16B03)',
42 verbose headers   etag: '"E1HTGB5B7TWNEPHLU14DHYSSB"',
42 verbose headers   'content-type': 'application/json',
42 verbose headers   'cache-control': 'max-age=300',
42 verbose headers   'content-length': '5675',
42 verbose headers   'accept-ranges': 'bytes',
42 verbose headers   date: 'Sun, 17 Jan 2016 18:37:21 GMT',
42 verbose headers   via: '1.1 varnish',
42 verbose headers   age: '114',
42 verbose headers   connection: 'keep-alive',
42 verbose headers   'x-served-by': 'cache-ord1734-ORD',
42 verbose headers   'x-cache': 'HIT',
42 verbose headers   'x-cache-hits': '1',
42 verbose headers   'x-timer': 'S1453055841.952511,VS0,VE0',
42 verbose headers   vary: 'Accept' }
43 silly get cb [ 200,
43 silly get   { server: 'CouchDB/1.5.0 (Erlang OTP/R16B03)',
43 silly get     etag: '"E1HTGB5B7TWNEPHLU14DHYSSB"',
43 silly get     'content-type': 'application/json',
43 silly get     'cache-control': 'max-age=300',
43 silly get     'content-length': '5675',
43 silly get     'accept-ranges': 'bytes',
43 silly get     date: 'Sun, 17 Jan 2016 18:37:21 GMT',
43 silly get     via: '1.1 varnish',
43 silly get     age: '114',
43 silly get     connection: 'keep-alive',
43 silly get     'x-served-by': 'cache-ord1734-ORD',
43 silly get     'x-cache': 'HIT',
43 silly get     'x-cache-hits': '1',
43 silly get     'x-timer': 'S1453055841.952511,VS0,VE0',
43 silly get     vary: 'Accept' } ]
44 verbose get saving touch to /Users/lukefair/.npm/registry.npmjs.org/touch/.cache.json
45 silly addNameRange number 2 { name: 'touch', range: '*', hasData: true }
46 silly addNameRange versions [ 'touch', [ '0.0.1', '0.0.2', '0.0.3', '0.0.4', '1.0.0' ] ]
47 silly addNamed touch@1.0.0
48 verbose addNamed "1.0.0" is a plain semver version for touch
49 silly mapToRegistry name touch
50 silly mapToRegistry using default registry
51 silly mapToRegistry registry https://registry.npmjs.org/
52 silly mapToRegistry uri https://registry.npmjs.org/touch
53 verbose addRemoteTarball https://registry.npmjs.org/touch/-/touch-1.0.0.tgz not in flight; adding
54 verbose addRemoteTarball [ 'https://registry.npmjs.org/touch/-/touch-1.0.0.tgz',
54 verbose addRemoteTarball   '449cbe2dbae5a8c8038e30d71fa0ff464947c4de' ]
55 info retry fetch attempt 1 at 1:37:22 PM
56 info attempt registry request try #1 at 1:37:22 PM
57 http fetch GET https://registry.npmjs.org/touch/-/touch-1.0.0.tgz
58 http fetch 200 https://registry.npmjs.org/touch/-/touch-1.0.0.tgz
59 silly fetchAndShaCheck shasum 449cbe2dbae5a8c8038e30d71fa0ff464947c4de
60 verbose addTmpTarball /var/folders/4h/h6w3q8k12938fc2krm60slpm0000gn/T/npm-47087-797b5a3e/registry.npmjs.org/touch/-/touch-1.0.0.tgz not in flight; adding
61 verbose addTmpTarball already have metadata; skipping unpack for touch@1.0.0
62 silly cache afterAdd touch@1.0.0
63 verbose afterAdd /Users/lukefair/.npm/touch/1.0.0/package/package.json not in flight; writing
64 verbose afterAdd /Users/lukefair/.npm/touch/1.0.0/package/package.json written
65 http 404 https://registry.npmjs.org/server.js
66 verbose headers { 'content-type': 'application/json',
66 verbose headers   'cache-control': 'max-age=0',
66 verbose headers   'content-length': '2',
66 verbose headers   'accept-ranges': 'bytes',
66 verbose headers   date: 'Sun, 17 Jan 2016 18:37:22 GMT',
66 verbose headers   via: '1.1 varnish',
66 verbose headers   age: '0',
66 verbose headers   connection: 'keep-alive',
66 verbose headers   'x-served-by': 'cache-ord1728-ORD',
66 verbose headers   'x-cache': 'MISS',
66 verbose headers   'x-cache-hits': '0',
66 verbose headers   'x-timer': 'S1453055841.947043,VS0,VE302' }
67 silly get cb [ 404,
67 silly get   { 'content-type': 'application/json',
67 silly get     'cache-control': 'max-age=0',
67 silly get     'content-length': '2',
67 silly get     'accept-ranges': 'bytes',
67 silly get     date: 'Sun, 17 Jan 2016 18:37:22 GMT',
67 silly get     via: '1.1 varnish',
67 silly get     age: '0',
67 silly get     connection: 'keep-alive',
67 silly get     'x-served-by': 'cache-ord1728-ORD',
67 silly get     'x-cache': 'MISS',
67 silly get     'x-cache-hits': '0',
67 silly get     'x-timer': 'S1453055841.947043,VS0,VE302' } ]
68 verbose stack Error: Registry returned 404 for GET on https://registry.npmjs.org/server.js
68 verbose stack     at makeError (/usr/local/lib/node_modules/npm/node_modules/npm-registry-client/lib/request.js:264:12)
68 verbose stack     at CachingRegistryClient.<anonymous> (/usr/local/lib/node_modules/npm/node_modules/npm-registry-client/lib/request.js:242:14)
68 verbose stack     at Request._callback (/usr/local/lib/node_modules/npm/node_modules/npm-registry-client/lib/request.js:172:14)
68 verbose stack     at Request.self.callback (/usr/local/lib/node_modules/npm/node_modules/request/request.js:198:22)
68 verbose stack     at emitTwo (events.js:87:13)
68 verbose stack     at Request.emit (events.js:172:7)
68 verbose stack     at Request.<anonymous> (/usr/local/lib/node_modules/npm/node_modules/request/request.js:1063:14)
68 verbose stack     at emitOne (events.js:82:20)
68 verbose stack     at Request.emit (events.js:169:7)
68 verbose stack     at IncomingMessage.<anonymous> (/usr/local/lib/node_modules/npm/node_modules/request/request.js:1009:12)
69 verbose statusCode 404
70 verbose pkgid server.js
71 verbose cwd /Users/lukefair/www/node-course/chat-app
72 error Darwin 14.5.0
73 error argv "/usr/local/bin/node" "/usr/local/bin/npm" "install" "touch" "server.js"
74 error node v4.2.2
75 error npm  v2.14.7
76 error code E404
77 error 404 Registry returned 404 for GET on https://registry.npmjs.org/server.js
77 error 404
77 error 404 'server.js' is not in the npm registry.
77 error 404 You should bug the author to publish it (or use the name yourself!)
77 error 404 It was specified as a dependency of 'chat-app'
77 error 404
77 error 404 Note that you can also install from a
77 error 404 tarball, folder, http url, or git url.
78 verbose exit [ 1, true ]
